Python 3.12.3
PYTHON= /usr/bin/python3
3.12.3 (main, Aug 14 2025, 17:47:21) [GCC 13.3.0]
=== Checking DJANGO_SETTINGS_MODULE ===
DJANGO_SETTINGS_MODULE = None
=== Installing dependencies ===
=== Testing jazzmin import ===
Jazzmin OK - version: unknown
=== Running Django check ===
System check identified no issues (0 silenced).
=== Checking Docker Compose ===
Docker Compose version v2.38.2
=== Docker Compose Status ===
env file /home/runner/work/Fmu/Fmu/.env not found: stat /home/runner/work/Fmu/Fmu/.env: no such file or directory
Created .env file from .env.example
=== Building Docker backend image ===
#1 [internal] load local bake definitions
#1 reading from stdin 392B done
#1 DONE 0.0s

#2 [internal] load build definition from Dockerfile
#2 transferring dockerfile: 919B done
#2 DONE 0.0s

#3 [internal] load metadata for docker.io/library/python:3.12-slim
#3 ...

#4 [auth] library/python:pull token for registry-1.docker.io
#4 DONE 0.0s

#3 [internal] load metadata for docker.io/library/python:3.12-slim
#3 DONE 1.2s

#5 [internal] load .dockerignore
#5 transferring context: 499B done
#5 DONE 0.0s

#6 [internal] load build context
#6 transferring context: 392.89kB 0.0s done
#6 DONE 0.0s

#7 [1/8] FROM docker.io/library/python:3.12-slim@sha256:e97cf9a2e84d604941d9902f00616db7466ff302af4b1c3c67fb7c522efa8ed9
#7 resolve docker.io/library/python:3.12-slim@sha256:e97cf9a2e84d604941d9902f00616db7466ff302af4b1c3c67fb7c522efa8ed9 done
#7 sha256:e97cf9a2e84d604941d9902f00616db7466ff302af4b1c3c67fb7c522efa8ed9 10.37kB / 10.37kB done
#7 sha256:408ad54fa40b7a4fff7cb21ce6e1b74eb5154bfc6c0fbd0af98560c1850db88f 1.75kB / 1.75kB done
#7 sha256:324231aabbd84383faa67463fb653f94cfab52b71ec3a56f4c49b294aee25968 5.58kB / 5.58kB done
#7 sha256:38513bd7256313495cdd83b3b0915a633cfa475dc2a07072ab2c8d191020ca5d 0B / 29.78MB 0.1s
#7 sha256:f2a111092025316a53c811d958b8c96faf9e98f6245c9a9cc1b7d3ff8936ac76 0B / 1.29MB 0.1s
#7 sha256:79f2dc6dd7d858f8963f236b2ab93a0f607fc2e3554e19e244b3c9db593c880b 0B / 12.11MB 0.1s
#7 sha256:38513bd7256313495cdd83b3b0915a633cfa475dc2a07072ab2c8d191020ca5d 10.49MB / 29.78MB 0.3s
#7 sha256:38513bd7256313495cdd83b3b0915a633cfa475dc2a07072ab2c8d191020ca5d 19.92MB / 29.78MB 0.4s
#7 sha256:f2a111092025316a53c811d958b8c96faf9e98f6245c9a9cc1b7d3ff8936ac76 1.29MB / 1.29MB 0.3s done
#7 sha256:79f2dc6dd7d858f8963f236b2ab93a0f607fc2e3554e19e244b3c9db593c880b 1.05MB / 12.11MB 0.4s
#7 sha256:d2876f169c021dd03855501cad6f7f8d06701774c8fbbff1b13e74b46f2ea550 0B / 250B 0.4s
#7 sha256:38513bd7256313495cdd83b3b0915a633cfa475dc2a07072ab2c8d191020ca5d 29.78MB / 29.78MB 0.6s done
#7 sha256:79f2dc6dd7d858f8963f236b2ab93a0f607fc2e3554e19e244b3c9db593c880b 9.44MB / 12.11MB 0.6s
#7 sha256:d2876f169c021dd03855501cad6f7f8d06701774c8fbbff1b13e74b46f2ea550 250B / 250B 0.5s done
#7 extracting sha256:38513bd7256313495cdd83b3b0915a633cfa475dc2a07072ab2c8d191020ca5d 0.1s
#7 sha256:79f2dc6dd7d858f8963f236b2ab93a0f607fc2e3554e19e244b3c9db593c880b 12.11MB / 12.11MB 0.8s done
#7 extracting sha256:38513bd7256313495cdd83b3b0915a633cfa475dc2a07072ab2c8d191020ca5d 0.8s done
#7 extracting sha256:f2a111092025316a53c811d958b8c96faf9e98f6245c9a9cc1b7d3ff8936ac76 0.1s done
#7 extracting sha256:79f2dc6dd7d858f8963f236b2ab93a0f607fc2e3554e19e244b3c9db593c880b
#7 extracting sha256:79f2dc6dd7d858f8963f236b2ab93a0f607fc2e3554e19e244b3c9db593c880b 0.4s done
#7 extracting sha256:d2876f169c021dd03855501cad6f7f8d06701774c8fbbff1b13e74b46f2ea550 done
#7 DONE 2.1s

#8 [2/8] WORKDIR /app
#8 DONE 0.0s

#9 [3/8] RUN apt-get update && apt-get install -y     postgresql-client     build-essential     libpq-dev     curl     && rm -rf /var/lib/apt/lists/*
#9 0.307 Hit:1 http://deb.debian.org/debian trixie InRelease
#9 0.358 Get:2 http://deb.debian.org/debian trixie-updates InRelease [47.3 kB]
#9 0.423 Get:3 http://deb.debian.org/debian-security trixie-security InRelease [43.4 kB]
#9 0.480 Get:4 http://deb.debian.org/debian trixie/main amd64 Packages [9669 kB]
#9 0.603 Get:5 http://deb.debian.org/debian trixie-updates/main amd64 Packages [5412 B]
#9 0.679 Get:6 http://deb.debian.org/debian-security trixie-security/main amd64 Packages [62.7 kB]
#9 1.258 Fetched 9828 kB in 1s (9253 kB/s)
#9 1.258 Reading package lists...
#9 1.819 Reading package lists...
#9 2.356 Building dependency tree...
#9 2.493 Reading state information...
#9 2.658 The following additional packages will be installed:
#9 2.658   bash-completion binutils binutils-common binutils-x86-64-linux-gnu bzip2 cpp
#9 2.658   cpp-14 cpp-14-x86-64-linux-gnu cpp-x86-64-linux-gnu dpkg-dev fakeroot g++
#9 2.658   g++-14 g++-14-x86-64-linux-gnu g++-x86-64-linux-gnu gcc gcc-14
#9 2.658   gcc-14-x86-64-linux-gnu gcc-x86-64-linux-gnu krb5-locales
#9 2.658   libalgorithm-diff-perl libalgorithm-diff-xs-perl libalgorithm-merge-perl
#9 2.658   libasan8 libatomic1 libbinutils libbrotli1 libc-dev-bin libc6-dev libcc1-0
#9 2.659   libcom-err2 libcrypt-dev libctf-nobfd0 libctf0 libcurl4t64 libdpkg-perl
#9 2.659   libfakeroot libfile-fcntllock-perl libgcc-14-dev libgdbm-compat4t64
#9 2.659   libgnutls30t64 libgomp1 libgprofng0 libgssapi-krb5-2 libhwasan0 libidn2-0
#9 2.659   libisl23 libitm1 libjansson4 libk5crypto3 libkeyutils1 libkrb5-3
#9 2.659   libkrb5support0 libldap-common libldap2 liblocale-gettext-perl liblsan0
#9 2.659   libmpc3 libmpfr6 libnghttp2-14 libnghttp3-9 libp11-kit0 libperl5.40 libpq5
#9 2.659   libpsl5t64 libquadmath0 librtmp1 libsasl2-2 libsasl2-modules
#9 2.659   libsasl2-modules-db libsframe1 libssh2-1t64 libssl-dev libstdc++-14-dev
#9 2.659   libtasn1-6 libtsan2 libubsan1 libunistring5 linux-libc-dev make manpages
#9 2.660   manpages-dev patch perl perl-modules-5.40 postgresql-client-17
#9 2.660   postgresql-client-common publicsuffix rpcsvc-proto sensible-utils sq
#9 2.660   xz-utils
#9 2.661 Suggested packages:
#9 2.661   binutils-doc gprofng-gui binutils-gold bzip2-doc cpp-doc gcc-14-locales
#9 2.661   cpp-14-doc debian-keyring debian-tag2upload-keyring g++-multilib
#9 2.661   g++-14-multilib gcc-14-doc gcc-multilib autoconf automake libtool flex bison
#9 2.661   gdb gcc-doc gcc-14-multilib gdb-x86-64-linux-gnu libc-devtools glibc-doc git
#9 2.661   bzr gnutls-bin krb5-doc krb5-user postgresql-doc-17
#9 2.661   libsasl2-modules-gssapi-mit | libsasl2-modules-gssapi-heimdal
#9 2.661   libsasl2-modules-ldap libsasl2-modules-otp libsasl2-modules-sql libssl-doc
#9 2.661   libstdc++-14-doc make-doc man-browser ed diffutils-doc perl-doc
#9 2.661   libterm-readline-gnu-perl | libterm-readline-perl-perl
#9 2.661   libtap-harness-archive-perl postgresql-17
#9 3.018 The following NEW packages will be installed:
#9 3.018   bash-completion binutils binutils-common binutils-x86-64-linux-gnu
#9 3.018   build-essential bzip2 cpp cpp-14 cpp-14-x86-64-linux-gnu
#9 3.018   cpp-x86-64-linux-gnu curl dpkg-dev fakeroot g++ g++-14
#9 3.018   g++-14-x86-64-linux-gnu g++-x86-64-linux-gnu gcc gcc-14
#9 3.018   gcc-14-x86-64-linux-gnu gcc-x86-64-linux-gnu krb5-locales
#9 3.018   libalgorithm-diff-perl libalgorithm-diff-xs-perl libalgorithm-merge-perl
#9 3.018   libasan8 libatomic1 libbinutils libbrotli1 libc-dev-bin libc6-dev libcc1-0
#9 3.018   libcom-err2 libcrypt-dev libctf-nobfd0 libctf0 libcurl4t64 libdpkg-perl
#9 3.018   libfakeroot libfile-fcntllock-perl libgcc-14-dev libgdbm-compat4t64
#9 3.018   libgnutls30t64 libgomp1 libgprofng0 libgssapi-krb5-2 libhwasan0 libidn2-0
#9 3.018   libisl23 libitm1 libjansson4 libk5crypto3 libkeyutils1 libkrb5-3
#9 3.018   libkrb5support0 libldap-common libldap2 liblocale-gettext-perl liblsan0
#9 3.018   libmpc3 libmpfr6 libnghttp2-14 libnghttp3-9 libp11-kit0 libperl5.40
#9 3.019   libpq-dev libpq5 libpsl5t64 libquadmath0 librtmp1 libsasl2-2
#9 3.019   libsasl2-modules libsasl2-modules-db libsframe1 libssh2-1t64 libssl-dev
#9 3.019   libstdc++-14-dev libtasn1-6 libtsan2 libubsan1 libunistring5 linux-libc-dev
#9 3.019   make manpages manpages-dev patch perl perl-modules-5.40 postgresql-client
#9 3.020   postgresql-client-17 postgresql-client-common publicsuffix rpcsvc-proto
#9 3.020   sensible-utils sq xz-utils
#9 3.098 0 upgraded, 96 newly installed, 0 to remove and 0 not upgraded.
#9 3.098 Need to get 103 MB of archives.
#9 3.098 After this operation, 413 MB of additional disk space will be used.
#9 3.098 Get:1 http://deb.debian.org/debian trixie/main amd64 liblocale-gettext-perl amd64 1.07-7+b1 [15.3 kB]
#9 3.156 Get:2 http://deb.debian.org/debian trixie/main amd64 sensible-utils all 0.0.25 [25.0 kB]
#9 3.219 Get:3 http://deb.debian.org/debian trixie/main amd64 bash-completion all 1:2.16.0-7 [319 kB]
#9 3.278 Get:4 http://deb.debian.org/debian trixie/main amd64 bzip2 amd64 1.0.8-6 [40.5 kB]
#9 3.329 Get:5 http://deb.debian.org/debian trixie/main amd64 krb5-locales all 1.21.3-5 [101 kB]
#9 3.386 Get:6 http://deb.debian.org/debian trixie/main amd64 manpages all 6.9.1-1 [1393 kB]
#9 3.456 Get:7 http://deb.debian.org/debian trixie/main amd64 perl-modules-5.40 all 5.40.1-6 [3019 kB]
#9 3.522 Get:8 http://deb.debian.org/debian trixie/main amd64 libgdbm-compat4t64 amd64 1.24-2 [50.3 kB]
#9 3.581 Get:9 http://deb.debian.org/debian trixie/main amd64 libperl5.40 amd64 5.40.1-6 [4341 kB]
#9 3.653 Get:10 http://deb.debian.org/debian trixie/main amd64 perl amd64 5.40.1-6 [267 kB]
#9 3.709 Get:11 http://deb.debian.org/debian trixie/main amd64 xz-utils amd64 5.8.1-1 [660 kB]
#9 3.763 Get:12 http://deb.debian.org/debian trixie/main amd64 libsframe1 amd64 2.44-3 [78.4 kB]
#9 3.820 Get:13 http://deb.debian.org/debian trixie/main amd64 binutils-common amd64 2.44-3 [2509 kB]
#9 3.890 Get:14 http://deb.debian.org/debian trixie/main amd64 libbinutils amd64 2.44-3 [534 kB]
#9 3.949 Get:15 http://deb.debian.org/debian trixie/main amd64 libgprofng0 amd64 2.44-3 [808 kB]
#9 4.012 Get:16 http://deb.debian.org/debian trixie/main amd64 libctf-nobfd0 amd64 2.44-3 [156 kB]
#9 4.069 Get:17 http://deb.debian.org/debian trixie/main amd64 libctf0 amd64 2.44-3 [88.6 kB]
#9 4.131 Get:18 http://deb.debian.org/debian trixie/main amd64 libjansson4 amd64 2.14-2+b3 [39.8 kB]
#9 4.188 Get:19 http://deb.debian.org/debian trixie/main amd64 binutils-x86-64-linux-gnu amd64 2.44-3 [1014 kB]
#9 4.259 Get:20 http://deb.debian.org/debian trixie/main amd64 binutils amd64 2.44-3 [265 kB]
#9 4.314 Get:21 http://deb.debian.org/debian trixie/main amd64 libc-dev-bin amd64 2.41-12 [58.2 kB]
#9 4.371 Get:22 http://deb.debian.org/debian-security trixie-security/main amd64 linux-libc-dev all 6.12.48-1 [2671 kB]
#9 4.440 Get:23 http://deb.debian.org/debian trixie/main amd64 libcrypt-dev amd64 1:4.4.38-1 [119 kB]
#9 4.508 Get:24 http://deb.debian.org/debian trixie/main amd64 rpcsvc-proto amd64 1.4.3-1 [63.3 kB]
#9 4.569 Get:25 http://deb.debian.org/debian trixie/main amd64 libc6-dev amd64 2.41-12 [1991 kB]
#9 4.638 Get:26 http://deb.debian.org/debian trixie/main amd64 libisl23 amd64 0.27-1 [659 kB]
#9 4.694 Get:27 http://deb.debian.org/debian trixie/main amd64 libmpfr6 amd64 4.2.2-1 [729 kB]
#9 4.756 Get:28 http://deb.debian.org/debian trixie/main amd64 libmpc3 amd64 1.3.1-1+b3 [52.2 kB]
#9 4.812 Get:29 http://deb.debian.org/debian trixie/main amd64 cpp-14-x86-64-linux-gnu amd64 14.2.0-19 [11.0 MB]
#9 4.888 Get:30 http://deb.debian.org/debian trixie/main amd64 cpp-14 amd64 14.2.0-19 [1280 B]
#9 4.949 Get:31 http://deb.debian.org/debian trixie/main amd64 cpp-x86-64-linux-gnu amd64 4:14.2.0-1 [4840 B]
#9 5.010 Get:32 http://deb.debian.org/debian trixie/main amd64 cpp amd64 4:14.2.0-1 [1568 B]
#9 5.065 Get:33 http://deb.debian.org/debian trixie/main amd64 libcc1-0 amd64 14.2.0-19 [42.8 kB]
#9 5.118 Get:34 http://deb.debian.org/debian trixie/main amd64 libgomp1 amd64 14.2.0-19 [137 kB]
#9 5.182 Get:35 http://deb.debian.org/debian trixie/main amd64 libitm1 amd64 14.2.0-19 [26.0 kB]
#9 5.243 Get:36 http://deb.debian.org/debian trixie/main amd64 libatomic1 amd64 14.2.0-19 [9308 B]
#9 5.304 Get:37 http://deb.debian.org/debian trixie/main amd64 libasan8 amd64 14.2.0-19 [2725 kB]
#9 5.374 Get:38 http://deb.debian.org/debian trixie/main amd64 liblsan0 amd64 14.2.0-19 [1204 kB]
#9 5.440 Get:39 http://deb.debian.org/debian trixie/main amd64 libtsan2 amd64 14.2.0-19 [2460 kB]
#9 5.508 Get:40 http://deb.debian.org/debian trixie/main amd64 libubsan1 amd64 14.2.0-19 [1074 kB]
#9 5.566 Get:41 http://deb.debian.org/debian trixie/main amd64 libhwasan0 amd64 14.2.0-19 [1488 kB]
#9 5.627 Get:42 http://deb.debian.org/debian trixie/main amd64 libquadmath0 amd64 14.2.0-19 [145 kB]
#9 5.682 Get:43 http://deb.debian.org/debian trixie/main amd64 libgcc-14-dev amd64 14.2.0-19 [2672 kB]
#9 5.743 Get:44 http://deb.debian.org/debian trixie/main amd64 gcc-14-x86-64-linux-gnu amd64 14.2.0-19 [21.4 MB]
#9 5.841 Get:45 http://deb.debian.org/debian trixie/main amd64 gcc-14 amd64 14.2.0-19 [540 kB]
#9 5.908 Get:46 http://deb.debian.org/debian trixie/main amd64 gcc-x86-64-linux-gnu amd64 4:14.2.0-1 [1436 B]
#9 5.967 Get:47 http://deb.debian.org/debian trixie/main amd64 gcc amd64 4:14.2.0-1 [5136 B]
#9 6.023 Get:48 http://deb.debian.org/debian trixie/main amd64 libstdc++-14-dev amd64 14.2.0-19 [2376 kB]
#9 6.089 Get:49 http://deb.debian.org/debian trixie/main amd64 g++-14-x86-64-linux-gnu amd64 14.2.0-19 [12.1 MB]
#9 6.192 Get:50 http://deb.debian.org/debian trixie/main amd64 g++-14 amd64 14.2.0-19 [22.5 kB]
#9 6.248 Get:51 http://deb.debian.org/debian trixie/main amd64 g++-x86-64-linux-gnu amd64 4:14.2.0-1 [1200 B]
#9 6.310 Get:52 http://deb.debian.org/debian trixie/main amd64 g++ amd64 4:14.2.0-1 [1344 B]
#9 6.364 Get:53 http://deb.debian.org/debian trixie/main amd64 make amd64 4.4.1-2 [463 kB]
#9 6.422 Get:54 http://deb.debian.org/debian trixie/main amd64 libdpkg-perl all 1.22.21 [650 kB]
#9 6.485 Get:55 http://deb.debian.org/debian trixie/main amd64 patch amd64 2.8-2 [134 kB]
#9 6.542 Get:56 http://deb.debian.org/debian trixie/main amd64 dpkg-dev all 1.22.21 [1338 kB]
#9 6.606 Get:57 http://deb.debian.org/debian trixie/main amd64 build-essential amd64 12.12 [4624 B]
#9 6.676 Get:58 http://deb.debian.org/debian trixie/main amd64 libbrotli1 amd64 1.1.0-2+b7 [307 kB]
#9 6.730 Get:59 http://deb.debian.org/debian trixie/main amd64 libkrb5support0 amd64 1.21.3-5 [33.0 kB]
#9 6.792 Get:60 http://deb.debian.org/debian trixie/main amd64 libcom-err2 amd64 1.47.2-3+b3 [25.0 kB]
#9 6.848 Get:61 http://deb.debian.org/debian trixie/main amd64 libk5crypto3 amd64 1.21.3-5 [81.5 kB]
#9 6.910 Get:62 http://deb.debian.org/debian trixie/main amd64 libkeyutils1 amd64 1.6.3-6 [9456 B]
#9 6.969 Get:63 http://deb.debian.org/debian trixie/main amd64 libkrb5-3 amd64 1.21.3-5 [326 kB]
#9 7.032 Get:64 http://deb.debian.org/debian trixie/main amd64 libgssapi-krb5-2 amd64 1.21.3-5 [138 kB]
#9 7.088 Get:65 http://deb.debian.org/debian trixie/main amd64 libunistring5 amd64 1.3-2 [477 kB]
#9 7.160 Get:66 http://deb.debian.org/debian trixie/main amd64 libidn2-0 amd64 2.3.8-2 [109 kB]
#9 7.217 Get:67 http://deb.debian.org/debian trixie/main amd64 libsasl2-modules-db amd64 2.1.28+dfsg1-9 [19.8 kB]
#9 7.273 Get:68 http://deb.debian.org/debian trixie/main amd64 libsasl2-2 amd64 2.1.28+dfsg1-9 [57.5 kB]
#9 7.325 Get:69 http://deb.debian.org/debian trixie/main amd64 libldap2 amd64 2.6.10+dfsg-1 [194 kB]
#9 7.381 Get:70 http://deb.debian.org/debian trixie/main amd64 libnghttp2-14 amd64 1.64.0-1.1 [76.0 kB]
#9 7.446 Get:71 http://deb.debian.org/debian trixie/main amd64 libnghttp3-9 amd64 1.8.0-1 [67.7 kB]
#9 7.502 Get:72 http://deb.debian.org/debian trixie/main amd64 libpsl5t64 amd64 0.21.2-1.1+b1 [57.2 kB]
#9 7.555 Get:73 http://deb.debian.org/debian trixie/main amd64 libp11-kit0 amd64 0.25.5-3 [425 kB]
#9 7.612 Get:74 http://deb.debian.org/debian trixie/main amd64 libtasn1-6 amd64 4.20.0-2 [49.9 kB]
#9 7.674 Get:75 http://deb.debian.org/debian trixie/main amd64 libgnutls30t64 amd64 3.8.9-3 [1465 kB]
#9 7.742 Get:76 http://deb.debian.org/debian trixie/main amd64 librtmp1 amd64 2.4+20151223.gitfa8646d.1-2+b5 [58.8 kB]
#9 7.804 Get:77 http://deb.debian.org/debian trixie/main amd64 libssh2-1t64 amd64 1.11.1-1 [245 kB]
#9 7.873 Get:78 http://deb.debian.org/debian trixie/main amd64 libcurl4t64 amd64 8.14.1-2 [391 kB]
#9 7.930 Get:79 http://deb.debian.org/debian trixie/main amd64 curl amd64 8.14.1-2 [269 kB]
#9 7.989 Get:80 http://deb.debian.org/debian trixie/main amd64 libfakeroot amd64 1.37.1.1-1 [29.6 kB]
#9 8.055 Get:81 http://deb.debian.org/debian trixie/main amd64 fakeroot amd64 1.37.1.1-1 [76.0 kB]
#9 8.120 Get:82 http://deb.debian.org/debian trixie/main amd64 libalgorithm-diff-perl all 1.201-1 [43.3 kB]
#9 8.176 Get:83 http://deb.debian.org/debian trixie/main amd64 libalgorithm-diff-xs-perl amd64 0.04-9 [11.1 kB]
#9 8.233 Get:84 http://deb.debian.org/debian trixie/main amd64 libalgorithm-merge-perl all 0.08-5 [11.8 kB]
#9 8.296 Get:85 http://deb.debian.org/debian trixie/main amd64 libfile-fcntllock-perl amd64 0.22-4+b4 [34.6 kB]
#9 8.360 Get:86 http://deb.debian.org/debian trixie/main amd64 libldap-common all 2.6.10+dfsg-1 [35.1 kB]
#9 8.425 Get:87 http://deb.debian.org/debian trixie/main amd64 libpq5 amd64 17.6-0+deb13u1 [228 kB]
#9 8.493 Get:88 http://deb.debian.org/debian-security trixie-security/main amd64 libssl-dev amd64 3.5.1-1+deb13u1 [2955 kB]
#9 8.565 Get:89 http://deb.debian.org/debian trixie/main amd64 libpq-dev amd64 17.6-0+deb13u1 [150 kB]
#9 8.623 Get:90 http://deb.debian.org/debian trixie/main amd64 libsasl2-modules amd64 2.1.28+dfsg1-9 [66.7 kB]
#9 8.684 Get:91 http://deb.debian.org/debian trixie/main amd64 manpages-dev all 6.9.1-1 [2122 kB]
#9 8.753 Get:92 http://deb.debian.org/debian trixie/main amd64 postgresql-client-common all 278 [47.1 kB]
#9 8.813 Get:93 http://deb.debian.org/debian trixie/main amd64 postgresql-client-17 amd64 17.6-0+deb13u1 [2031 kB]
#9 8.875 Get:94 http://deb.debian.org/debian trixie/main amd64 postgresql-client all 17+278 [14.0 kB]
#9 8.931 Get:95 http://deb.debian.org/debian trixie/main amd64 publicsuffix all 20250328.1952-0.1 [296 kB]
#9 8.999 Get:96 http://deb.debian.org/debian trixie/main amd64 sq amd64 1.3.1-2+b1 [5654 kB]
#9 9.137 debconf: unable to initialize frontend: Dialog
#9 9.137 debconf: (TERM is not set, so the dialog frontend is not usable.)
#9 9.137 debconf: falling back to frontend: Readline
#9 9.137 debconf: unable to initialize frontend: Readline
#9 9.137 debconf: (Can't locate Term/ReadLine.pm in @INC (you may need to install the Term::ReadLine module) (@INC entries checked: /etc/perl /usr/local/lib/x86_64-linux-gnu/perl/5.40.1 /usr/local/share/perl/5.40.1 /usr/lib/x86_64-linux-gnu/perl5/5.40 /usr/share/perl5 /usr/lib/x86_64-linux-gnu/perl-base /usr/lib/x86_64-linux-gnu/perl/5.40 /usr/share/perl/5.40 /usr/local/lib/site_perl) at /usr/share/perl5/Debconf/FrontEnd/Readline.pm line 8, <STDIN> line 96.)
#9 9.137 debconf: falling back to frontend: Teletype
#9 9.141 debconf: unable to initialize frontend: Teletype
#9 9.141 debconf: (This frontend requires a controlling tty.)
#9 9.141 debconf: falling back to frontend: Noninteractive
#9 11.29 Fetched 103 MB in 6s (17.2 MB/s)
#9 11.30 Selecting previously unselected package liblocale-gettext-perl.
#9 11.30 (Reading database ... (Reading database ... 5%(Reading database ... 10%(Reading database ... 15%(Reading database ... 20%(Reading database ... 25%(Reading database ... 30%(Reading database ... 35%(Reading database ... 40%(Reading database ... 45%(Reading database ... 50%(Reading database ... 55%(Reading database ... 60%(Reading database ... 65%(Reading database ... 70%(Reading database ... 75%(Reading database ... 80%(Reading database ... 85%(Reading database ... 90%(Reading database ... 95%(Reading database ... 100%(Reading database ... 5644 files and directories currently installed.)
#9 11.31 Preparing to unpack .../00-liblocale-gettext-perl_1.07-7+b1_amd64.deb ...
#9 11.31 Unpacking liblocale-gettext-perl (1.07-7+b1) ...
#9 11.32 Selecting previously unselected package sensible-utils.
#9 11.32 Preparing to unpack .../01-sensible-utils_0.0.25_all.deb ...
#9 11.32 Unpacking sensible-utils (0.0.25) ...
#9 11.34 Selecting previously unselected package bash-completion.
#9 11.34 Preparing to unpack .../02-bash-completion_1%3a2.16.0-7_all.deb ...
#9 11.34 Unpacking bash-completion (1:2.16.0-7) ...
#9 11.43 Selecting previously unselected package bzip2.
#9 11.43 Preparing to unpack .../03-bzip2_1.0.8-6_amd64.deb ...
#9 11.43 Unpacking bzip2 (1.0.8-6) ...
#9 11.44 Selecting previously unselected package krb5-locales.
#9 11.45 Preparing to unpack .../04-krb5-locales_1.21.3-5_all.deb ...
#9 11.45 Unpacking krb5-locales (1.21.3-5) ...
#9 11.46 Selecting previously unselected package manpages.
#9 11.46 Preparing to unpack .../05-manpages_6.9.1-1_all.deb ...
#9 11.46 Unpacking manpages (6.9.1-1) ...
#9 11.51 Selecting previously unselected package perl-modules-5.40.
#9 11.51 Preparing to unpack .../06-perl-modules-5.40_5.40.1-6_all.deb ...
#9 11.51 Unpacking perl-modules-5.40 (5.40.1-6) ...
#9 11.70 Selecting previously unselected package libgdbm-compat4t64:amd64.
#9 11.70 Preparing to unpack .../07-libgdbm-compat4t64_1.24-2_amd64.deb ...
#9 11.70 Unpacking libgdbm-compat4t64:amd64 (1.24-2) ...
#9 11.72 Selecting previously unselected package libperl5.40:amd64.
#9 11.72 Preparing to unpack .../08-libperl5.40_5.40.1-6_amd64.deb ...
#9 11.72 Unpacking libperl5.40:amd64 (5.40.1-6) ...
#9 11.92 Selecting previously unselected package perl.
#9 11.93 Preparing to unpack .../09-perl_5.40.1-6_amd64.deb ...
#9 11.93 Unpacking perl (5.40.1-6) ...
#9 11.95 Selecting previously unselected package xz-utils.
#9 11.95 Preparing to unpack .../10-xz-utils_5.8.1-1_amd64.deb ...
#9 11.95 Unpacking xz-utils (5.8.1-1) ...
#9 11.98 Selecting previously unselected package libsframe1:amd64.
#9 11.98 Preparing to unpack .../11-libsframe1_2.44-3_amd64.deb ...
#9 11.98 Unpacking libsframe1:amd64 (2.44-3) ...
#9 12.00 Selecting previously unselected package binutils-common:amd64.
#9 12.00 Preparing to unpack .../12-binutils-common_2.44-3_amd64.deb ...
#9 12.00 Unpacking binutils-common:amd64 (2.44-3) ...
#9 12.12 Selecting previously unselected package libbinutils:amd64.
#9 12.12 Preparing to unpack .../13-libbinutils_2.44-3_amd64.deb ...
#9 12.12 Unpacking libbinutils:amd64 (2.44-3) ...
#9 12.15 Selecting previously unselected package libgprofng0:amd64.
#9 12.15 Preparing to unpack .../14-libgprofng0_2.44-3_amd64.deb ...
#9 12.16 Unpacking libgprofng0:amd64 (2.44-3) ...
#9 12.20 Selecting previously unselected package libctf-nobfd0:amd64.
#9 12.20 Preparing to unpack .../15-libctf-nobfd0_2.44-3_amd64.deb ...
#9 12.20 Unpacking libctf-nobfd0:amd64 (2.44-3) ...
#9 12.22 Selecting previously unselected package libctf0:amd64.
#9 12.22 Preparing to unpack .../16-libctf0_2.44-3_amd64.deb ...
#9 12.22 Unpacking libctf0:amd64 (2.44-3) ...
#9 12.24 Selecting previously unselected package libjansson4:amd64.
#9 12.24 Preparing to unpack .../17-libjansson4_2.14-2+b3_amd64.deb ...
#9 12.24 Unpacking libjansson4:amd64 (2.14-2+b3) ...
#9 12.25 Selecting previously unselected package binutils-x86-64-linux-gnu.
#9 12.25 Preparing to unpack .../18-binutils-x86-64-linux-gnu_2.44-3_amd64.deb ...
#9 12.25 Unpacking binutils-x86-64-linux-gnu (2.44-3) ...
#9 12.32 Selecting previously unselected package binutils.
#9 12.33 Preparing to unpack .../19-binutils_2.44-3_amd64.deb ...
#9 12.33 Unpacking binutils (2.44-3) ...
#9 12.35 Selecting previously unselected package libc-dev-bin.
#9 12.35 Preparing to unpack .../20-libc-dev-bin_2.41-12_amd64.deb ...
#9 12.35 Unpacking libc-dev-bin (2.41-12) ...
#9 12.36 Selecting previously unselected package linux-libc-dev.
#9 12.37 Preparing to unpack .../21-linux-libc-dev_6.12.48-1_all.deb ...
#9 12.37 Unpacking linux-libc-dev (6.12.48-1) ...
#9 12.55 Selecting previously unselected package libcrypt-dev:amd64.
#9 12.55 Preparing to unpack .../22-libcrypt-dev_1%3a4.4.38-1_amd64.deb ...
#9 12.55 Unpacking libcrypt-dev:amd64 (1:4.4.38-1) ...
#9 12.57 Selecting previously unselected package rpcsvc-proto.
#9 12.57 Preparing to unpack .../23-rpcsvc-proto_1.4.3-1_amd64.deb ...
#9 12.57 Unpacking rpcsvc-proto (1.4.3-1) ...
#9 12.59 Selecting previously unselected package libc6-dev:amd64.
#9 12.59 Preparing to unpack .../24-libc6-dev_2.41-12_amd64.deb ...
#9 12.59 Unpacking libc6-dev:amd64 (2.41-12) ...
#9 12.69 Selecting previously unselected package libisl23:amd64.
#9 12.69 Preparing to unpack .../25-libisl23_0.27-1_amd64.deb ...
#9 12.69 Unpacking libisl23:amd64 (0.27-1) ...
#9 12.73 Selecting previously unselected package libmpfr6:amd64.
#9 12.74 Preparing to unpack .../26-libmpfr6_4.2.2-1_amd64.deb ...
#9 12.74 Unpacking libmpfr6:amd64 (4.2.2-1) ...
#9 12.77 Selecting previously unselected package libmpc3:amd64.
#9 12.77 Preparing to unpack .../27-libmpc3_1.3.1-1+b3_amd64.deb ...
#9 12.77 Unpacking libmpc3:amd64 (1.3.1-1+b3) ...
#9 12.78 Selecting previously unselected package cpp-14-x86-64-linux-gnu.
#9 12.78 Preparing to unpack .../28-cpp-14-x86-64-linux-gnu_14.2.0-19_amd64.deb ...
#9 12.78 Unpacking cpp-14-x86-64-linux-gnu (14.2.0-19) ...
#9 13.18 Selecting previously unselected package cpp-14.
#9 13.18 Preparing to unpack .../29-cpp-14_14.2.0-19_amd64.deb ...
#9 13.18 Unpacking cpp-14 (14.2.0-19) ...
#9 13.19 Selecting previously unselected package cpp-x86-64-linux-gnu.
#9 13.19 Preparing to unpack .../30-cpp-x86-64-linux-gnu_4%3a14.2.0-1_amd64.deb ...
#9 13.19 Unpacking cpp-x86-64-linux-gnu (4:14.2.0-1) ...
#9 13.20 Selecting previously unselected package cpp.
#9 13.21 Preparing to unpack .../31-cpp_4%3a14.2.0-1_amd64.deb ...
#9 13.21 Unpacking cpp (4:14.2.0-1) ...
#9 13.22 Selecting previously unselected package libcc1-0:amd64.
#9 13.22 Preparing to unpack .../32-libcc1-0_14.2.0-19_amd64.deb ...
#9 13.22 Unpacking libcc1-0:amd64 (14.2.0-19) ...
#9 13.24 Selecting previously unselected package libgomp1:amd64.
#9 13.24 Preparing to unpack .../33-libgomp1_14.2.0-19_amd64.deb ...
#9 13.24 Unpacking libgomp1:amd64 (14.2.0-19) ...
#9 13.26 Selecting previously unselected package libitm1:amd64.
#9 13.26 Preparing to unpack .../34-libitm1_14.2.0-19_amd64.deb ...
#9 13.26 Unpacking libitm1:amd64 (14.2.0-19) ...
#9 13.27 Selecting previously unselected package libatomic1:amd64.
#9 13.27 Preparing to unpack .../35-libatomic1_14.2.0-19_amd64.deb ...
#9 13.27 Unpacking libatomic1:amd64 (14.2.0-19) ...
#9 13.29 Selecting previously unselected package libasan8:amd64.
#9 13.29 Preparing to unpack .../36-libasan8_14.2.0-19_amd64.deb ...
#9 13.29 Unpacking libasan8:amd64 (14.2.0-19) ...
#9 13.42 Selecting previously unselected package liblsan0:amd64.
#9 13.42 Preparing to unpack .../37-liblsan0_14.2.0-19_amd64.deb ...
#9 13.43 Unpacking liblsan0:amd64 (14.2.0-19) ...
#9 13.49 Selecting previously unselected package libtsan2:amd64.
#9 13.49 Preparing to unpack .../38-libtsan2_14.2.0-19_amd64.deb ...
#9 13.49 Unpacking libtsan2:amd64 (14.2.0-19) ...
#9 13.61 Selecting previously unselected package libubsan1:amd64.
#9 13.61 Preparing to unpack .../39-libubsan1_14.2.0-19_amd64.deb ...
#9 13.62 Unpacking libubsan1:amd64 (14.2.0-19) ...
#9 13.67 Selecting previously unselected package libhwasan0:amd64.
#9 13.68 Preparing to unpack .../40-libhwasan0_14.2.0-19_amd64.deb ...
#9 13.68 Unpacking libhwasan0:amd64 (14.2.0-19) ...
#9 13.75 Selecting previously unselected package libquadmath0:amd64.
#9 13.76 Preparing to unpack .../41-libquadmath0_14.2.0-19_amd64.deb ...
#9 13.76 Unpacking libquadmath0:amd64 (14.2.0-19) ...
#9 13.77 Selecting previously unselected package libgcc-14-dev:amd64.
#9 13.77 Preparing to unpack .../42-libgcc-14-dev_14.2.0-19_amd64.deb ...
#9 13.78 Unpacking libgcc-14-dev:amd64 (14.2.0-19) ...
#9 13.89 Selecting previously unselected package gcc-14-x86-64-linux-gnu.
#9 13.89 Preparing to unpack .../43-gcc-14-x86-64-linux-gnu_14.2.0-19_amd64.deb ...
#9 13.89 Unpacking gcc-14-x86-64-linux-gnu (14.2.0-19) ...
#9 14.42 Selecting previously unselected package gcc-14.
#9 14.42 Preparing to unpack .../44-gcc-14_14.2.0-19_amd64.deb ...
#9 14.43 Unpacking gcc-14 (14.2.0-19) ...
#9 14.44 Selecting previously unselected package gcc-x86-64-linux-gnu.
#9 14.45 Preparing to unpack .../45-gcc-x86-64-linux-gnu_4%3a14.2.0-1_amd64.deb ...
#9 14.45 Unpacking gcc-x86-64-linux-gnu (4:14.2.0-1) ...
#9 14.46 Selecting previously unselected package gcc.
#9 14.46 Preparing to unpack .../46-gcc_4%3a14.2.0-1_amd64.deb ...
#9 14.46 Unpacking gcc (4:14.2.0-1) ...
#9 14.47 Selecting previously unselected package libstdc++-14-dev:amd64.
#9 14.47 Preparing to unpack .../47-libstdc++-14-dev_14.2.0-19_amd64.deb ...
#9 14.47 Unpacking libstdc++-14-dev:amd64 (14.2.0-19) ...
#9 14.60 Selecting previously unselected package g++-14-x86-64-linux-gnu.
#9 14.60 Preparing to unpack .../48-g++-14-x86-64-linux-gnu_14.2.0-19_amd64.deb ...
#9 14.61 Unpacking g++-14-x86-64-linux-gnu (14.2.0-19) ...
#9 15.01 Selecting previously unselected package g++-14.
#9 15.01 Preparing to unpack .../49-g++-14_14.2.0-19_amd64.deb ...
#9 15.02 Unpacking g++-14 (14.2.0-19) ...
#9 15.03 Selecting previously unselected package g++-x86-64-linux-gnu.
#9 15.03 Preparing to unpack .../50-g++-x86-64-linux-gnu_4%3a14.2.0-1_amd64.deb ...
#9 15.03 Unpacking g++-x86-64-linux-gnu (4:14.2.0-1) ...
#9 15.04 Selecting previously unselected package g++.
#9 15.04 Preparing to unpack .../51-g++_4%3a14.2.0-1_amd64.deb ...
#9 15.04 Unpacking g++ (4:14.2.0-1) ...
#9 15.06 Selecting previously unselected package make.
#9 15.06 Preparing to unpack .../52-make_4.4.1-2_amd64.deb ...
#9 15.06 Unpacking make (4.4.1-2) ...
#9 15.09 Selecting previously unselected package libdpkg-perl.
#9 15.09 Preparing to unpack .../53-libdpkg-perl_1.22.21_all.deb ...
#9 15.09 Unpacking libdpkg-perl (1.22.21) ...
#9 15.12 Selecting previously unselected package patch.
#9 15.12 Preparing to unpack .../54-patch_2.8-2_amd64.deb ...
#9 15.13 Unpacking patch (2.8-2) ...
#9 15.14 Selecting previously unselected package dpkg-dev.
#9 15.14 Preparing to unpack .../55-dpkg-dev_1.22.21_all.deb ...
#9 15.14 Unpacking dpkg-dev (1.22.21) ...
#9 15.19 Selecting previously unselected package build-essential.
#9 15.19 Preparing to unpack .../56-build-essential_12.12_amd64.deb ...
#9 15.19 Unpacking build-essential (12.12) ...
#9 15.20 Selecting previously unselected package libbrotli1:amd64.
#9 15.21 Preparing to unpack .../57-libbrotli1_1.1.0-2+b7_amd64.deb ...
#9 15.21 Unpacking libbrotli1:amd64 (1.1.0-2+b7) ...
#9 15.23 Selecting previously unselected package libkrb5support0:amd64.
#9 15.23 Preparing to unpack .../58-libkrb5support0_1.21.3-5_amd64.deb ...
#9 15.24 Unpacking libkrb5support0:amd64 (1.21.3-5) ...
#9 15.25 Selecting previously unselected package libcom-err2:amd64.
#9 15.25 Preparing to unpack .../59-libcom-err2_1.47.2-3+b3_amd64.deb ...
#9 15.25 Unpacking libcom-err2:amd64 (1.47.2-3+b3) ...
#9 15.26 Selecting previously unselected package libk5crypto3:amd64.
#9 15.26 Preparing to unpack .../60-libk5crypto3_1.21.3-5_amd64.deb ...
#9 15.26 Unpacking libk5crypto3:amd64 (1.21.3-5) ...
#9 15.28 Selecting previously unselected package libkeyutils1:amd64.
#9 15.28 Preparing to unpack .../61-libkeyutils1_1.6.3-6_amd64.deb ...
#9 15.28 Unpacking libkeyutils1:amd64 (1.6.3-6) ...
#9 15.30 Selecting previously unselected package libkrb5-3:amd64.
#9 15.30 Preparing to unpack .../62-libkrb5-3_1.21.3-5_amd64.deb ...
#9 15.30 Unpacking libkrb5-3:amd64 (1.21.3-5) ...
#9 15.33 Selecting previously unselected package libgssapi-krb5-2:amd64.
#9 15.33 Preparing to unpack .../63-libgssapi-krb5-2_1.21.3-5_amd64.deb ...
#9 15.33 Unpacking libgssapi-krb5-2:amd64 (1.21.3-5) ...
#9 15.35 Selecting previously unselected package libunistring5:amd64.
#9 15.35 Preparing to unpack .../64-libunistring5_1.3-2_amd64.deb ...
#9 15.35 Unpacking libunistring5:amd64 (1.3-2) ...
#9 15.39 Selecting previously unselected package libidn2-0:amd64.
#9 15.39 Preparing to unpack .../65-libidn2-0_2.3.8-2_amd64.deb ...
#9 15.39 Unpacking libidn2-0:amd64 (2.3.8-2) ...
#9 15.41 Selecting previously unselected package libsasl2-modules-db:amd64.
#9 15.41 Preparing to unpack .../66-libsasl2-modules-db_2.1.28+dfsg1-9_amd64.deb ...
#9 15.41 Unpacking libsasl2-modules-db:amd64 (2.1.28+dfsg1-9) ...
#9 15.42 Selecting previously unselected package libsasl2-2:amd64.
#9 15.42 Preparing to unpack .../67-libsasl2-2_2.1.28+dfsg1-9_amd64.deb ...
#9 15.42 Unpacking libsasl2-2:amd64 (2.1.28+dfsg1-9) ...
#9 15.44 Selecting previously unselected package libldap2:amd64.
#9 15.44 Preparing to unpack .../68-libldap2_2.6.10+dfsg-1_amd64.deb ...
#9 15.44 Unpacking libldap2:amd64 (2.6.10+dfsg-1) ...
#9 15.46 Selecting previously unselected package libnghttp2-14:amd64.
#9 15.47 Preparing to unpack .../69-libnghttp2-14_1.64.0-1.1_amd64.deb ...
#9 15.47 Unpacking libnghttp2-14:amd64 (1.64.0-1.1) ...
#9 15.48 Selecting previously unselected package libnghttp3-9:amd64.
#9 15.48 Preparing to unpack .../70-libnghttp3-9_1.8.0-1_amd64.deb ...
#9 15.48 Unpacking libnghttp3-9:amd64 (1.8.0-1) ...
#9 15.50 Selecting previously unselected package libpsl5t64:amd64.
#9 15.50 Preparing to unpack .../71-libpsl5t64_0.21.2-1.1+b1_amd64.deb ...
#9 15.50 Unpacking libpsl5t64:amd64 (0.21.2-1.1+b1) ...
#9 15.52 Selecting previously unselected package libp11-kit0:amd64.
#9 15.52 Preparing to unpack .../72-libp11-kit0_0.25.5-3_amd64.deb ...
#9 15.52 Unpacking libp11-kit0:amd64 (0.25.5-3) ...
#9 15.55 Selecting previously unselected package libtasn1-6:amd64.
#9 15.55 Preparing to unpack .../73-libtasn1-6_4.20.0-2_amd64.deb ...
#9 15.55 Unpacking libtasn1-6:amd64 (4.20.0-2) ...
#9 15.57 Selecting previously unselected package libgnutls30t64:amd64.
#9 15.57 Preparing to unpack .../74-libgnutls30t64_3.8.9-3_amd64.deb ...
#9 15.57 Unpacking libgnutls30t64:amd64 (3.8.9-3) ...
#9 15.62 Selecting previously unselected package librtmp1:amd64.
#9 15.63 Preparing to unpack .../75-librtmp1_2.4+20151223.gitfa8646d.1-2+b5_amd64.deb ...
#9 15.63 Unpacking librtmp1:amd64 (2.4+20151223.gitfa8646d.1-2+b5) ...
#9 15.64 Selecting previously unselected package libssh2-1t64:amd64.
#9 15.64 Preparing to unpack .../76-libssh2-1t64_1.11.1-1_amd64.deb ...
#9 15.64 Unpacking libssh2-1t64:amd64 (1.11.1-1) ...
#9 15.66 Selecting previously unselected package libcurl4t64:amd64.
#9 15.67 Preparing to unpack .../77-libcurl4t64_8.14.1-2_amd64.deb ...
#9 15.67 Unpacking libcurl4t64:amd64 (8.14.1-2) ...
#9 15.69 Selecting previously unselected package curl.
#9 15.70 Preparing to unpack .../78-curl_8.14.1-2_amd64.deb ...
#9 15.70 Unpacking curl (8.14.1-2) ...
#9 15.72 Selecting previously unselected package libfakeroot:amd64.
#9 15.72 Preparing to unpack .../79-libfakeroot_1.37.1.1-1_amd64.deb ...
#9 15.72 Unpacking libfakeroot:amd64 (1.37.1.1-1) ...
#9 15.73 Selecting previously unselected package fakeroot.
#9 15.74 Preparing to unpack .../80-fakeroot_1.37.1.1-1_amd64.deb ...
#9 15.74 Unpacking fakeroot (1.37.1.1-1) ...
#9 15.75 Selecting previously unselected package libalgorithm-diff-perl.
#9 15.75 Preparing to unpack .../81-libalgorithm-diff-perl_1.201-1_all.deb ...
#9 15.75 Unpacking libalgorithm-diff-perl (1.201-1) ...
#9 15.76 Selecting previously unselected package libalgorithm-diff-xs-perl.
#9 15.77 Preparing to unpack .../82-libalgorithm-diff-xs-perl_0.04-9_amd64.deb ...
#9 15.77 Unpacking libalgorithm-diff-xs-perl (0.04-9) ...
#9 15.78 Selecting previously unselected package libalgorithm-merge-perl.
#9 15.78 Preparing to unpack .../83-libalgorithm-merge-perl_0.08-5_all.deb ...
#9 15.79 Unpacking libalgorithm-merge-perl (0.08-5) ...
#9 15.80 Selecting previously unselected package libfile-fcntllock-perl.
#9 15.80 Preparing to unpack .../84-libfile-fcntllock-perl_0.22-4+b4_amd64.deb ...
#9 15.80 Unpacking libfile-fcntllock-perl (0.22-4+b4) ...
#9 15.81 Selecting previously unselected package libldap-common.
#9 15.82 Preparing to unpack .../85-libldap-common_2.6.10+dfsg-1_all.deb ...
#9 15.82 Unpacking libldap-common (2.6.10+dfsg-1) ...
#9 15.83 Selecting previously unselected package libpq5:amd64.
#9 15.83 Preparing to unpack .../86-libpq5_17.6-0+deb13u1_amd64.deb ...
#9 15.83 Unpacking libpq5:amd64 (17.6-0+deb13u1) ...
#9 15.86 Selecting previously unselected package libssl-dev:amd64.
#9 15.86 Preparing to unpack .../87-libssl-dev_3.5.1-1+deb13u1_amd64.deb ...
#9 15.86 Unpacking libssl-dev:amd64 (3.5.1-1+deb13u1) ...
#9 15.99 Selecting previously unselected package libpq-dev.
#9 15.99 Preparing to unpack .../88-libpq-dev_17.6-0+deb13u1_amd64.deb ...
#9 15.99 Unpacking libpq-dev (17.6-0+deb13u1) ...
#9 16.01 Selecting previously unselected package libsasl2-modules:amd64.
#9 16.01 Preparing to unpack .../89-libsasl2-modules_2.1.28+dfsg1-9_amd64.deb ...
#9 16.02 Unpacking libsasl2-modules:amd64 (2.1.28+dfsg1-9) ...
#9 16.03 Selecting previously unselected package manpages-dev.
#9 16.03 Preparing to unpack .../90-manpages-dev_6.9.1-1_all.deb ...
#9 16.04 Unpacking manpages-dev (6.9.1-1) ...
#9 16.12 Selecting previously unselected package postgresql-client-common.
#9 16.12 Preparing to unpack .../91-postgresql-client-common_278_all.deb ...
#9 16.13 Unpacking postgresql-client-common (278) ...
#9 16.15 Selecting previously unselected package postgresql-client-17.
#9 16.15 Preparing to unpack .../92-postgresql-client-17_17.6-0+deb13u1_amd64.deb ...
#9 16.15 Unpacking postgresql-client-17 (17.6-0+deb13u1) ...
#9 16.25 Selecting previously unselected package postgresql-client.
#9 16.25 Preparing to unpack .../93-postgresql-client_17+278_all.deb ...
#9 16.25 Unpacking postgresql-client (17+278) ...
#9 16.26 Selecting previously unselected package publicsuffix.
#9 16.26 Preparing to unpack .../94-publicsuffix_20250328.1952-0.1_all.deb ...
#9 16.27 Unpacking publicsuffix (20250328.1952-0.1) ...
#9 16.29 Selecting previously unselected package sq.
#9 16.29 Preparing to unpack .../95-sq_1.3.1-2+b1_amd64.deb ...
#9 16.29 Unpacking sq (1.3.1-2+b1) ...
#9 16.55 Setting up libkeyutils1:amd64 (1.6.3-6) ...
#9 16.55 Setting up libgdbm-compat4t64:amd64 (1.24-2) ...
#9 16.56 Setting up manpages (6.9.1-1) ...
#9 16.56 Setting up libbrotli1:amd64 (1.1.0-2+b7) ...
#9 16.56 Setting up libsasl2-modules:amd64 (2.1.28+dfsg1-9) ...
#9 16.57 Setting up binutils-common:amd64 (2.44-3) ...
#9 16.57 Setting up libnghttp2-14:amd64 (1.64.0-1.1) ...
#9 16.57 Setting up linux-libc-dev (6.12.48-1) ...
#9 16.57 Setting up libctf-nobfd0:amd64 (2.44-3) ...
#9 16.58 Setting up krb5-locales (1.21.3-5) ...
#9 16.58 Setting up libcom-err2:amd64 (1.47.2-3+b3) ...
#9 16.58 Setting up sq (1.3.1-2+b1) ...
#9 16.58 Setting up libgomp1:amd64 (14.2.0-19) ...
#9 16.59 Setting up bzip2 (1.0.8-6) ...
#9 16.59 Setting up libldap-common (2.6.10+dfsg-1) ...
#9 16.59 Setting up libsframe1:amd64 (2.44-3) ...
#9 16.59 Setting up libfakeroot:amd64 (1.37.1.1-1) ...
#9 16.60 Setting up libjansson4:amd64 (2.14-2+b3) ...
#9 16.60 Setting up libkrb5support0:amd64 (1.21.3-5) ...
#9 16.60 Setting up libsasl2-modules-db:amd64 (2.1.28+dfsg1-9) ...
#9 16.60 Setting up fakeroot (1.37.1.1-1) ...
#9 16.60 update-alternatives: using /usr/bin/fakeroot-sysv to provide /usr/bin/fakeroot (fakeroot) in auto mode
#9 16.61 update-alternatives: warning: skip creation of /usr/share/man/man1/fakeroot.1.gz because associated file /usr/share/man/man1/fakeroot-sysv.1.gz (of link group fakeroot) doesn't exist
#9 16.61 update-alternatives: warning: skip creation of /usr/share/man/man1/faked.1.gz because associated file /usr/share/man/man1/faked-sysv.1.gz (of link group fakeroot) doesn't exist
#9 16.61 update-alternatives: warning: skip creation of /usr/share/man/es/man1/fakeroot.1.gz because associated file /usr/share/man/es/man1/fakeroot-sysv.1.gz (of link group fakeroot) doesn't exist
#9 16.61 update-alternatives: warning: skip creation of /usr/share/man/es/man1/faked.1.gz because associated file /usr/share/man/es/man1/faked-sysv.1.gz (of link group fakeroot) doesn't exist
#9 16.61 update-alternatives: warning: skip creation of /usr/share/man/fr/man1/fakeroot.1.gz because associated file /usr/share/man/fr/man1/fakeroot-sysv.1.gz (of link group fakeroot) doesn't exist
#9 16.61 update-alternatives: warning: skip creation of /usr/share/man/fr/man1/faked.1.gz because associated file /usr/share/man/fr/man1/faked-sysv.1.gz (of link group fakeroot) doesn't exist
#9 16.61 update-alternatives: warning: skip creation of /usr/share/man/sv/man1/fakeroot.1.gz because associated file /usr/share/man/sv/man1/fakeroot-sysv.1.gz (of link group fakeroot) doesn't exist
#9 16.61 update-alternatives: warning: skip creation of /usr/share/man/sv/man1/faked.1.gz because associated file /usr/share/man/sv/man1/faked-sysv.1.gz (of link group fakeroot) doesn't exist
#9 16.61 Setting up rpcsvc-proto (1.4.3-1) ...
#9 16.61 Setting up make (4.4.1-2) ...
#9 16.61 Setting up libmpfr6:amd64 (4.2.2-1) ...
#9 16.61 Setting up bash-completion (1:2.16.0-7) ...
#9 16.62 Setting up xz-utils (5.8.1-1) ...
#9 16.62 update-alternatives: using /usr/bin/xz to provide /usr/bin/lzma (lzma) in auto mode
#9 16.62 update-alternatives: warning: skip creation of /usr/share/man/man1/lzma.1.gz because associated file /usr/share/man/man1/xz.1.gz (of link group lzma) doesn't exist
#9 16.62 update-alternatives: warning: skip creation of /usr/share/man/man1/unlzma.1.gz because associated file /usr/share/man/man1/unxz.1.gz (of link group lzma) doesn't exist
#9 16.62 update-alternatives: warning: skip creation of /usr/share/man/man1/lzcat.1.gz because associated file /usr/share/man/man1/xzcat.1.gz (of link group lzma) doesn't exist
#9 16.62 update-alternatives: warning: skip creation of /usr/share/man/man1/lzmore.1.gz because associated file /usr/share/man/man1/xzmore.1.gz (of link group lzma) doesn't exist
#9 16.62 update-alternatives: warning: skip creation of /usr/share/man/man1/lzless.1.gz because associated file /usr/share/man/man1/xzless.1.gz (of link group lzma) doesn't exist
#9 16.62 update-alternatives: warning: skip creation of /usr/share/man/man1/lzdiff.1.gz because associated file /usr/share/man/man1/xzdiff.1.gz (of link group lzma) doesn't exist
#9 16.62 update-alternatives: warning: skip creation of /usr/share/man/man1/lzcmp.1.gz because associated file /usr/share/man/man1/xzcmp.1.gz (of link group lzma) doesn't exist
#9 16.62 update-alternatives: warning: skip creation of /usr/share/man/man1/lzgrep.1.gz because associated file /usr/share/man/man1/xzgrep.1.gz (of link group lzma) doesn't exist
#9 16.62 update-alternatives: warning: skip creation of /usr/share/man/man1/lzegrep.1.gz because associated file /usr/share/man/man1/xzegrep.1.gz (of link group lzma) doesn't exist
#9 16.62 update-alternatives: warning: skip creation of /usr/share/man/man1/lzfgrep.1.gz because associated file /usr/share/man/man1/xzfgrep.1.gz (of link group lzma) doesn't exist
#9 16.62 Setting up libquadmath0:amd64 (14.2.0-19) ...
#9 16.63 Setting up libp11-kit0:amd64 (0.25.5-3) ...
#9 16.63 Setting up libunistring5:amd64 (1.3-2) ...
#9 16.63 Setting up libssl-dev:amd64 (3.5.1-1+deb13u1) ...
#9 16.63 Setting up libmpc3:amd64 (1.3.1-1+b3) ...
#9 16.63 Setting up libatomic1:amd64 (14.2.0-19) ...
#9 16.64 Setting up patch (2.8-2) ...
#9 16.64 Setting up libk5crypto3:amd64 (1.21.3-5) ...
#9 16.64 Setting up libsasl2-2:amd64 (2.1.28+dfsg1-9) ...
#9 16.64 Setting up libnghttp3-9:amd64 (1.8.0-1) ...
#9 16.65 Setting up libubsan1:amd64 (14.2.0-19) ...
#9 16.65 Setting up perl-modules-5.40 (5.40.1-6) ...
#9 16.65 Setting up sensible-utils (0.0.25) ...
#9 16.65 Setting up libhwasan0:amd64 (14.2.0-19) ...
#9 16.65 Setting up libcrypt-dev:amd64 (1:4.4.38-1) ...
#9 16.66 Setting up libasan8:amd64 (14.2.0-19) ...
#9 16.66 Setting up libtasn1-6:amd64 (4.20.0-2) ...
#9 16.67 Setting up libkrb5-3:amd64 (1.21.3-5) ...
#9 16.67 Setting up libssh2-1t64:amd64 (1.11.1-1) ...
#9 16.67 Setting up libtsan2:amd64 (14.2.0-19) ...
#9 16.67 Setting up libbinutils:amd64 (2.44-3) ...
#9 16.67 Setting up libisl23:amd64 (0.27-1) ...
#9 16.67 Setting up libc-dev-bin (2.41-12) ...
#9 16.68 Setting up publicsuffix (20250328.1952-0.1) ...
#9 16.68 Setting up libcc1-0:amd64 (14.2.0-19) ...
#9 16.68 Setting up libldap2:amd64 (2.6.10+dfsg-1) ...
#9 16.68 Setting up liblocale-gettext-perl (1.07-7+b1) ...
#9 16.69 Setting up liblsan0:amd64 (14.2.0-19) ...
#9 16.69 Setting up libitm1:amd64 (14.2.0-19) ...
#9 16.69 Setting up libctf0:amd64 (2.44-3) ...
#9 16.69 Setting up manpages-dev (6.9.1-1) ...
#9 16.69 Setting up libidn2-0:amd64 (2.3.8-2) ...
#9 16.70 Setting up libperl5.40:amd64 (5.40.1-6) ...
#9 16.70 Setting up perl (5.40.1-6) ...
#9 16.71 Setting up libgprofng0:amd64 (2.44-3) ...
#9 16.71 Setting up libgssapi-krb5-2:amd64 (1.21.3-5) ...
#9 16.71 Setting up cpp-14-x86-64-linux-gnu (14.2.0-19) ...
#9 16.71 Setting up libdpkg-perl (1.22.21) ...
#9 16.71 Setting up cpp-14 (14.2.0-19) ...
#9 16.72 Setting up libc6-dev:amd64 (2.41-12) ...
#9 16.72 Setting up libgcc-14-dev:amd64 (14.2.0-19) ...
#9 16.72 Setting up libstdc++-14-dev:amd64 (14.2.0-19) ...
#9 16.72 Setting up binutils-x86-64-linux-gnu (2.44-3) ...
#9 16.72 Setting up cpp-x86-64-linux-gnu (4:14.2.0-1) ...
#9 16.73 Setting up libgnutls30t64:amd64 (3.8.9-3) ...
#9 16.73 Setting up postgresql-client-common (278) ...
#9 16.73 Setting up libfile-fcntllock-perl (0.22-4+b4) ...
#9 16.74 Setting up libalgorithm-diff-perl (1.201-1) ...
#9 16.74 Setting up libpsl5t64:amd64 (0.21.2-1.1+b1) ...
#9 16.74 Setting up libpq5:amd64 (17.6-0+deb13u1) ...
#9 16.74 Setting up libpq-dev (17.6-0+deb13u1) ...
#9 16.74 Setting up binutils (2.44-3) ...
#9 16.75 Setting up dpkg-dev (1.22.21) ...
#9 16.75 Setting up librtmp1:amd64 (2.4+20151223.gitfa8646d.1-2+b5) ...
#9 16.75 Setting up cpp (4:14.2.0-1) ...
#9 16.77 Setting up gcc-14-x86-64-linux-gnu (14.2.0-19) ...
#9 16.77 Setting up libalgorithm-diff-xs-perl (0.04-9) ...
#9 16.77 Setting up libalgorithm-merge-perl (0.08-5) ...
#9 16.77 Setting up gcc-x86-64-linux-gnu (4:14.2.0-1) ...
#9 16.78 Setting up libcurl4t64:amd64 (8.14.1-2) ...
#9 16.78 Setting up postgresql-client-17 (17.6-0+deb13u1) ...
#9 17.04 update-alternatives: using /usr/share/postgresql/17/man/man1/psql.1.gz to provide /usr/share/man/man1/psql.1.gz (psql.1.gz) in auto mode
#9 17.06 Setting up gcc-14 (14.2.0-19) ...
#9 17.07 Setting up g++-14-x86-64-linux-gnu (14.2.0-19) ...
#9 17.07 Setting up g++-x86-64-linux-gnu (4:14.2.0-1) ...
#9 17.07 Setting up curl (8.14.1-2) ...
#9 17.07 Setting up g++-14 (14.2.0-19) ...
#9 17.07 Setting up postgresql-client (17+278) ...
#9 17.08 Setting up gcc (4:14.2.0-1) ...
#9 17.09 Setting up g++ (4:14.2.0-1) ...
#9 17.09 update-alternatives: using /usr/bin/g++ to provide /usr/bin/c++ (c++) in auto mode
#9 17.09 Setting up build-essential (12.12) ...
#9 17.09 Processing triggers for libc-bin (2.41-12) ...
#9 DONE 17.8s

#10 [4/8] COPY requirements.txt .
#10 DONE 0.0s

#11 [5/8] RUN pip install --no-cache-dir -r requirements.txt
#11 1.340 WARNING: Retrying (Retry(total=4, connect=None, read=None, redirect=None, status=None)) after connection broken by 'SSLError(SSLCertVerificationError(1, '[SSL: CERTIFICATE_VERIFY_FAILED] certificate verify failed: self-signed certificate in certificate chain (_ssl.c:1010)'))': /simple/django/
#11 1.853 WARNING: Retrying (Retry(total=3, connect=None, read=None, redirect=None, status=None)) after connection broken by 'SSLError(SSLCertVerificationError(1, '[SSL: CERTIFICATE_VERIFY_FAILED] certificate verify failed: self-signed certificate in certificate chain (_ssl.c:1010)'))': /simple/django/
#11 2.866 WARNING: Retrying (Retry(total=2, connect=None, read=None, redirect=None, status=None)) after connection broken by 'SSLError(SSLCertVerificationError(1, '[SSL: CERTIFICATE_VERIFY_FAILED] certificate verify failed: self-signed certificate in certificate chain (_ssl.c:1010)'))': /simple/django/
#11 4.879 WARNING: Retrying (Retry(total=1, connect=None, read=None, redirect=None, status=None)) after connection broken by 'SSLError(SSLCertVerificationError(1, '[SSL: CERTIFICATE_VERIFY_FAILED] certificate verify failed: self-signed certificate in certificate chain (_ssl.c:1010)'))': /simple/django/
#11 8.892 WARNING: Retrying (Retry(total=0, connect=None, read=None, redirect=None, status=None)) after connection broken by 'SSLError(SSLCertVerificationError(1, '[SSL: CERTIFICATE_VERIFY_FAILED] certificate verify failed: self-signed certificate in certificate chain (_ssl.c:1010)'))': /simple/django/
#11 8.905 Could not fetch URL https://pypi.org/simple/django/: There was a problem confirming the ssl certificate: HTTPSConnectionPool(host='pypi.org', port=443): Max retries exceeded with url: /simple/django/ (Caused by SSLError(SSLCertVerificationError(1, '[SSL: CERTIFICATE_VERIFY_FAILED] certificate verify failed: self-signed certificate in certificate chain (_ssl.c:1010)'))) - skipping
#11 8.911 ERROR: Could not find a version that satisfies the requirement Django==5.1.4 (from versions: none)
#11 8.933 Could not fetch URL https://pypi.org/simple/pip/: There was a problem confirming the ssl certificate: HTTPSConnectionPool(host='pypi.org', port=443): Max retries exceeded with url: /simple/pip/ (Caused by SSLError(SSLCertVerificationError(1, '[SSL: CERTIFICATE_VERIFY_FAILED] certificate verify failed: self-signed certificate in certificate chain (_ssl.c:1010)'))) - skipping
#11 8.938 ERROR: No matching distribution found for Django==5.1.4
#11 ERROR: process "/bin/sh -c pip install --no-cache-dir -r requirements.txt" did not complete successfully: exit code: 1
------
 > [5/8] RUN pip install --no-cache-dir -r requirements.txt:
1.340 WARNING: Retrying (Retry(total=4, connect=None, read=None, redirect=None, status=None)) after connection broken by 'SSLError(SSLCertVerificationError(1, '[SSL: CERTIFICATE_VERIFY_FAILED] certificate verify failed: self-signed certificate in certificate chain (_ssl.c:1010)'))': /simple/django/
1.853 WARNING: Retrying (Retry(total=3, connect=None, read=None, redirect=None, status=None)) after connection broken by 'SSLError(SSLCertVerificationError(1, '[SSL: CERTIFICATE_VERIFY_FAILED] certificate verify failed: self-signed certificate in certificate chain (_ssl.c:1010)'))': /simple/django/
2.866 WARNING: Retrying (Retry(total=2, connect=None, read=None, redirect=None, status=None)) after connection broken by 'SSLError(SSLCertVerificationError(1, '[SSL: CERTIFICATE_VERIFY_FAILED] certificate verify failed: self-signed certificate in certificate chain (_ssl.c:1010)'))': /simple/django/
4.879 WARNING: Retrying (Retry(total=1, connect=None, read=None, redirect=None, status=None)) after connection broken by 'SSLError(SSLCertVerificationError(1, '[SSL: CERTIFICATE_VERIFY_FAILED] certificate verify failed: self-signed certificate in certificate chain (_ssl.c:1010)'))': /simple/django/
8.892 WARNING: Retrying (Retry(total=0, connect=None, read=None, redirect=None, status=None)) after connection broken by 'SSLError(SSLCertVerificationError(1, '[SSL: CERTIFICATE_VERIFY_FAILED] certificate verify failed: self-signed certificate in certificate chain (_ssl.c:1010)'))': /simple/django/
8.905 Could not fetch URL https://pypi.org/simple/django/: There was a problem confirming the ssl certificate: HTTPSConnectionPool(host='pypi.org', port=443): Max retries exceeded with url: /simple/django/ (Caused by SSLError(SSLCertVerificationError(1, '[SSL: CERTIFICATE_VERIFY_FAILED] certificate verify failed: self-signed certificate in certificate chain (_ssl.c:1010)'))) - skipping
8.911 ERROR: Could not find a version that satisfies the requirement Django==5.1.4 (from versions: none)
8.933 Could not fetch URL https://pypi.org/simple/pip/: There was a problem confirming the ssl certificate: HTTPSConnectionPool(host='pypi.org', port=443): Max retries exceeded with url: /simple/pip/ (Caused by SSLError(SSLCertVerificationError(1, '[SSL: CERTIFICATE_VERIFY_FAILED] certificate verify failed: self-signed certificate in certificate chain (_ssl.c:1010)'))) - skipping
8.938 ERROR: No matching distribution found for Django==5.1.4
------
Dockerfile:20

--------------------

  18 |     # Install Python dependencies

  19 |     COPY requirements.txt .

  20 | >>> RUN pip install --no-cache-dir -r requirements.txt

  21 |     

  22 |     # Install gunicorn for production

--------------------

failed to solve: process "/bin/sh -c pip install --no-cache-dir -r requirements.txt" did not complete successfully: exit code: 1

=== Testing local Django setup ===
Traceback (most recent call last):
  File "/home/runner/.local/lib/python3.12/site-packages/django/db/backends/base/base.py", line 279, in ensure_connection
    self.connect()
  File "/home/runner/.local/lib/python3.12/site-packages/django/utils/asyncio.py", line 26, in inner
    return func(*args, **kwargs)
           ^^^^^^^^^^^^^^^^^^^^^
  File "/home/runner/.local/lib/python3.12/site-packages/django/db/backends/base/base.py", line 256, in connect
    self.connection = self.get_new_connection(conn_params)
                      ^^^^^^^^^^^^^^^^^^^^^^^^^^^^^^^^^^^^
  File "/home/runner/.local/lib/python3.12/site-packages/django/utils/asyncio.py", line 26, in inner
    return func(*args, **kwargs)
           ^^^^^^^^^^^^^^^^^^^^^
  File "/home/runner/.local/lib/python3.12/site-packages/django/db/backends/postgresql/base.py", line 332, in get_new_connection
    connection = self.Database.connect(**conn_params)
                 ^^^^^^^^^^^^^^^^^^^^^^^^^^^^^^^^^^^^
  File "/home/runner/.local/lib/python3.12/site-packages/psycopg2/__init__.py", line 122, in connect
    conn = _connect(dsn, connection_factory=connection_factory, **kwasync)
           ^^^^^^^^^^^^^^^^^^^^^^^^^^^^^^^^^^^^^^^^^^^^^^^^^^^^^^^^^^^^^^^
psycopg2.OperationalError: connection to server at "localhost" (::1), port 5432 failed: Connection refused
	Is the server running on that host and accepting TCP/IP connections?
connection to server at "localhost" (127.0.0.1), port 5432 failed: Connection refused
	Is the server running on that host and accepting TCP/IP connections?


The above exception was the direct cause of the following exception:

Traceback (most recent call last):
  File "/home/runner/work/Fmu/Fmu/backend/manage.py", line 23, in <module>
    main()
  File "/home/runner/work/Fmu/Fmu/backend/manage.py", line 19, in main
    execute_from_command_line(sys.argv)
  File "/home/runner/.local/lib/python3.12/site-packages/django/core/management/__init__.py", line 442, in execute_from_command_line
    utility.execute()
  File "/home/runner/.local/lib/python3.12/site-packages/django/core/management/__init__.py", line 436, in execute
    self.fetch_command(subcommand).run_from_argv(self.argv)
  File "/home/runner/.local/lib/python3.12/site-packages/django/core/management/base.py", line 413, in run_from_argv
    self.execute(*args, **cmd_options)
  File "/home/runner/.local/lib/python3.12/site-packages/django/core/management/base.py", line 459, in execute
    output = self.handle(*args, **options)
             ^^^^^^^^^^^^^^^^^^^^^^^^^^^^^
  File "/home/runner/.local/lib/python3.12/site-packages/django/core/management/base.py", line 107, in wrapper
    res = handle_func(*args, **kwargs)
          ^^^^^^^^^^^^^^^^^^^^^^^^^^^^
  File "/home/runner/.local/lib/python3.12/site-packages/django/core/management/commands/migrate.py", line 118, in handle
    executor = MigrationExecutor(connection, self.migration_progress_callback)
               ^^^^^^^^^^^^^^^^^^^^^^^^^^^^^^^^^^^^^^^^^^^^^^^^^^^^^^^^^^^^^^^
  File "/home/runner/.local/lib/python3.12/site-packages/django/db/migrations/executor.py", line 18, in __init__
    self.loader = MigrationLoader(self.connection)
                  ^^^^^^^^^^^^^^^^^^^^^^^^^^^^^^^^
  File "/home/runner/.local/lib/python3.12/site-packages/django/db/migrations/loader.py", line 58, in __init__
    self.build_graph()
  File "/home/runner/.local/lib/python3.12/site-packages/django/db/migrations/loader.py", line 235, in build_graph
    self.applied_migrations = recorder.applied_migrations()
                              ^^^^^^^^^^^^^^^^^^^^^^^^^^^^^
  File "/home/runner/.local/lib/python3.12/site-packages/django/db/migrations/recorder.py", line 89, in applied_migrations
    if self.has_table():
       ^^^^^^^^^^^^^^^^
  File "/home/runner/.local/lib/python3.12/site-packages/django/db/migrations/recorder.py", line 63, in has_table
    with self.connection.cursor() as cursor:
         ^^^^^^^^^^^^^^^^^^^^^^^^
  File "/home/runner/.local/lib/python3.12/site-packages/django/utils/asyncio.py", line 26, in inner
    return func(*args, **kwargs)
           ^^^^^^^^^^^^^^^^^^^^^
  File "/home/runner/.local/lib/python3.12/site-packages/django/db/backends/base/base.py", line 320, in cursor
    return self._cursor()
           ^^^^^^^^^^^^^^
  File "/home/runner/.local/lib/python3.12/site-packages/django/db/backends/base/base.py", line 296, in _cursor
    self.ensure_connection()
  File "/home/runner/.local/lib/python3.12/site-packages/django/utils/asyncio.py", line 26, in inner
    return func(*args, **kwargs)
           ^^^^^^^^^^^^^^^^^^^^^
  File "/home/runner/.local/lib/python3.12/site-packages/django/db/backends/base/base.py", line 278, in ensure_connection
    with self.wrap_database_errors:
  File "/home/runner/.local/lib/python3.12/site-packages/django/db/utils.py", line 91, in __exit__
    raise dj_exc_value.with_traceback(traceback) from exc_value
  File "/home/runner/.local/lib/python3.12/site-packages/django/db/backends/base/base.py", line 279, in ensure_connection
    self.connect()
  File "/home/runner/.local/lib/python3.12/site-packages/django/utils/asyncio.py", line 26, in inner
    return func(*args, **kwargs)
           ^^^^^^^^^^^^^^^^^^^^^
  File "/home/runner/.local/lib/python3.12/site-packages/django/db/backends/base/base.py", line 256, in connect
    self.connection = self.get_new_connection(conn_params)
                      ^^^^^^^^^^^^^^^^^^^^^^^^^^^^^^^^^^^^
  File "/home/runner/.local/lib/python3.12/site-packages/django/utils/asyncio.py", line 26, in inner
    return func(*args, **kwargs)
           ^^^^^^^^^^^^^^^^^^^^^
  File "/home/runner/.local/lib/python3.12/site-packages/django/db/backends/postgresql/base.py", line 332, in get_new_connection
    connection = self.Database.connect(**conn_params)
                 ^^^^^^^^^^^^^^^^^^^^^^^^^^^^^^^^^^^^
  File "/home/runner/.local/lib/python3.12/site-packages/psycopg2/__init__.py", line 122, in connect
    conn = _connect(dsn, connection_factory=connection_factory, **kwasync)
           ^^^^^^^^^^^^^^^^^^^^^^^^^^^^^^^^^^^^^^^^^^^^^^^^^^^^^^^^^^^^^^^
django.db.utils.OperationalError: connection to server at "localhost" (::1), port 5432 failed: Connection refused
	Is the server running on that host and accepting TCP/IP connections?
connection to server at "localhost" (127.0.0.1), port 5432 failed: Connection refused
	Is the server running on that host and accepting TCP/IP connections?


=== FINAL DIAGNOSTIC SUMMARY ===

1. Python Environment:
   - Python version: 3.12.3
   - Django: 5.1.4 installed
   - django-jazzmin: 3.0.1 installed
   
2. Configuration Check:
   - requirements.txt: CORRECT (django-jazzmin==3.0.1)
   - settings.py: CORRECT ('jazzmin' before 'django.contrib.admin')
   - jazzmin.py: EXISTS with proper configuration
   
3. Local Environment Tests:
    import jazzmin - SUCCESS
    python backend/manage.py check - SUCCESS (0 issues)
   
4. Docker Environment:
   - Dockerfile: CORRECT (paths are relative to context ./backend)
   - docker-compose.yml: CORRECT (context: ./backend)
   - Build issue: SSL certificate verification failure (infrastructure issue)
   
5. Conclusion:
   NO JAZZMIN CONFIGURATION ISSUES FOUND
   - All dependencies are correctly specified
   - All settings are properly configured
   - Django admin can load Jazzmin successfully
   - The SSL errors in Docker are infrastructure-related, not code issues

 Django setup successful
 Jazzmin imported successfully
 Jazzmin in INSTALLED_APPS: True
 Admin in INSTALLED_APPS: True
 Jazzmin before admin: True (jazzmin at 0, admin at 1)
 Django admin imported successfully
 JAZZMIN_SETTINGS defined: True
 JAZZMIN_UI_TWEAKS defined: True

 ALL CHECKS PASSED - Jazzmin is properly configured!
